2024-02-23 07:48:24,163 TRACE o.s.c.i.s.SpringFactoriesLoader [main] Loaded [org.springframework.boot.BootstrapRegistryInitializer] names: []
2024-02-23 07:48:24,167 TRACE o.s.c.i.s.SpringFactoriesLoader [main] Loaded [org.springframework.context.ApplicationContextInitializer] names: [org.springframework.boot.context.ConfigurationWarningsApplicationContextInitializer, org.springframework.boot.context.ContextIdApplicationContextInitializer, org.springframework.boot.context.config.DelegatingApplicationContextInitializer, org.springframework.boot.rsocket.context.RSocketPortInfoApplicationContextInitializer, org.springframework.boot.web.context.ServerPortInfoApplicationContextInitializer, org.springframework.boot.autoconfigure.SharedMetadataReaderFactoryContextInitializer, org.springframework.boot.autoconfigure.logging.ConditionEvaluationReportLoggingListener]
2024-02-23 07:48:24,190 TRACE o.s.c.i.s.SpringFactoriesLoader [main] Loaded [org.springframework.context.ApplicationListener] names: [org.springframework.boot.ClearCachesApplicationListener, org.springframework.boot.builder.ParentContextCloserApplicationListener, org.springframework.boot.context.FileEncodingApplicationListener, org.springframework.boot.context.config.AnsiOutputApplicationListener, org.springframework.boot.context.config.DelegatingApplicationListener, org.springframework.boot.context.logging.LoggingApplicationListener, org.springframework.boot.env.EnvironmentPostProcessorApplicationListener, org.springframework.boot.autoconfigure.BackgroundPreinitializer]
2024-02-23 07:48:24,214 TRACE o.s.c.i.s.SpringFactoriesLoader [main] Loaded [org.springframework.boot.SpringApplicationRunListener] names: [org.springframework.boot.context.event.EventPublishingRunListener]
2024-02-23 07:48:24,222 TRACE o.s.c.i.s.SpringFactoriesLoader [main] Loaded [org.springframework.boot.logging.LoggingSystemFactory] names: [org.springframework.boot.logging.logback.LogbackLoggingSystem.Factory, org.springframework.boot.logging.log4j2.Log4J2LoggingSystem.Factory, org.springframework.boot.logging.java.JavaLoggingSystem.Factory]
2024-02-23 07:48:24,479 INFO o.h.v.i.u.Version [background-preinit] HV000001: Hibernate Validator 8.0.1.Final
2024-02-23 07:48:24,519 INFO o.s.b.StartupInfoLogger [main] Starting GraphQlApplication using Java 21 with PID 8004 (D:\Ines\GitHub\psp\AprobarInesMR\GraphQL\target\classes started by Inés in D:\Ines\GitHub\psp\AprobarInesMR)
2024-02-23 07:48:24,520 INFO o.s.b.SpringApplication [main] No active profile set, falling back to 1 default profile: "default"
2024-02-23 07:48:25,442 INFO o.s.d.r.c.RepositoryConfigurationDelegate [main] Multiple Spring Data modules found, entering strict repository configuration mode
2024-02-23 07:48:25,443 INFO o.s.d.r.c.RepositoryConfigurationDelegate [main] Bootstrapping Spring Data JDBC repositories in DEFAULT mode.
2024-02-23 07:48:25,467 INFO o.s.d.r.c.RepositoryConfigurationExtensionSupport [main] Spring Data JDBC - Could not safely identify store assignment for repository candidate interface com.example.graphql.data.repositorios.MapaRepository; If you want this repository to be a JDBC repository, consider annotating your entities with one of these annotations: org.springframework.data.relational.core.mapping.Table.
2024-02-23 07:48:25,468 INFO o.s.d.r.c.RepositoryConfigurationExtensionSupport [main] Spring Data JDBC - Could not safely identify store assignment for repository candidate interface com.example.graphql.data.repositorios.PersonajeRepository; If you want this repository to be a JDBC repository, consider annotating your entities with one of these annotations: org.springframework.data.relational.core.mapping.Table.
2024-02-23 07:48:25,469 INFO o.s.d.r.c.RepositoryConfigurationExtensionSupport [main] Spring Data JDBC - Could not safely identify store assignment for repository candidate interface com.example.graphql.data.repositorios.VideojuegoRepository; If you want this repository to be a JDBC repository, consider annotating your entities with one of these annotations: org.springframework.data.relational.core.mapping.Table.
2024-02-23 07:48:25,469 INFO o.s.d.r.c.RepositoryConfigurationDelegate [main] Finished Spring Data repository scanning in 22 ms. Found 0 JDBC repository interfaces.
2024-02-23 07:48:25,475 INFO o.s.d.r.c.RepositoryConfigurationDelegate [main] Multiple Spring Data modules found, entering strict repository configuration mode
2024-02-23 07:48:25,476 INFO o.s.d.r.c.RepositoryConfigurationDelegate [main] Bootstrapping Spring Data JPA repositories in DEFAULT mode.
2024-02-23 07:48:25,585 INFO o.s.d.r.c.RepositoryConfigurationDelegate [main] Finished Spring Data repository scanning in 106 ms. Found 3 JPA repository interfaces.
2024-02-23 07:48:26,136 INFO o.s.b.w.e.t.TomcatWebServer [main] Tomcat initialized with port 8080 (http)
2024-02-23 07:48:26,145 INFO o.a.j.l.DirectJDKLog [main] Initializing ProtocolHandler ["http-nio-8080"]
2024-02-23 07:48:26,146 INFO o.a.j.l.DirectJDKLog [main] Starting service [Tomcat]
2024-02-23 07:48:26,146 INFO o.a.j.l.DirectJDKLog [main] Starting Servlet engine: [Apache Tomcat/10.1.18]
2024-02-23 07:48:26,212 INFO o.a.j.l.DirectJDKLog [main] Initializing Spring embedded WebApplicationContext
2024-02-23 07:48:26,212 INFO o.s.b.w.s.c.ServletWebServerApplicationContext [main] Root WebApplicationContext: initialization completed in 1658 ms
2024-02-23 07:48:26,361 INFO o.h.j.i.u.LogHelper [main] HHH000204: Processing PersistenceUnitInfo [name: default]
2024-02-23 07:48:26,425 INFO o.h.Version [main] HHH000412: Hibernate ORM core version 6.4.1.Final
2024-02-23 07:48:26,457 INFO o.h.c.i.RegionFactoryInitiator [main] HHH000026: Second-level cache disabled
2024-02-23 07:48:26,663 INFO o.s.o.j.p.SpringPersistenceUnitInfo [main] No LoadTimeWeaver setup: ignoring JPA class transformer
2024-02-23 07:48:26,695 INFO c.z.h.HikariDataSource [main] HikariPool-1 - Starting...
2024-02-23 07:48:27,220 INFO c.z.h.p.HikariPool [main] HikariPool-1 - Added connection com.mysql.cj.jdbc.ConnectionImpl@37142579
2024-02-23 07:48:27,222 INFO c.z.h.HikariDataSource [main] HikariPool-1 - Start completed.
2024-02-23 07:48:28,082 INFO o.h.e.t.j.p.i.JtaPlatformInitiator [main] HHH000489: No JTA platform available (set 'hibernate.transaction.jta.platform' to enable JTA platform integration)
2024-02-23 07:48:28,195 INFO o.s.o.j.AbstractEntityManagerFactoryBean [main] Initialized JPA EntityManagerFactory for persistence unit 'default'
2024-02-23 07:48:28,443 INFO o.s.d.j.r.q.QueryEnhancerFactory [main] JSqlParser is in classpath; If applicable, JSqlParser will be used
2024-02-23 07:48:28,443 INFO o.s.d.j.r.q.QueryEnhancerFactory [main] Hibernate is in classpath; If applicable, HQL parser will be used.
2024-02-23 07:48:28,966 WARN o.s.b.a.s.s.UserDetailsServiceAutoConfiguration [main] 

Using generated security password: 98459188-9d2d-4816-a759-9a7e37b536eb

This generated password is for development use only. Your security configuration must be updated before running your application in production.

2024-02-23 07:48:29,501 INFO o.s.g.e.DefaultSchemaResourceGraphQlSourceBuilder [main] Loaded 1 resource(s) in the GraphQL schema.
2024-02-23 07:48:29,666 INFO o.s.g.e.DefaultSchemaResourceGraphQlSourceBuilder [main] GraphQL schema inspection:
	Unmapped fields: {Mutation=[addPersonaje]}
	Unmapped registrations: {}
	Skipped types: []
2024-02-23 07:48:29,680 INFO o.s.b.a.g.s.GraphQlWebMvcAutoConfiguration [main] GraphQL endpoint HTTP POST /graphql
2024-02-23 07:48:29,786 INFO o.s.s.w.DefaultSecurityFilterChain [main] Will secure any request with [org.springframework.security.web.session.DisableEncodeUrlFilter@7802fc4e, org.springframework.security.web.context.request.async.WebAsyncManagerIntegrationFilter@1994665d, org.springframework.security.web.context.SecurityContextHolderFilter@9d573a6, org.springframework.security.web.header.HeaderWriterFilter@207b0d48, org.springframework.web.filter.CorsFilter@4497fcd9, org.springframework.security.web.authentication.logout.LogoutFilter@79a1f0a1, org.springframework.security.web.savedrequest.RequestCacheAwareFilter@49696c41, org.springframework.security.web.servletapi.SecurityContextHolderAwareRequestFilter@595713f3, org.springframework.security.web.authentication.AnonymousAuthenticationFilter@3d44da41, org.springframework.security.web.session.SessionManagementFilter@139f1db4, org.springframework.security.web.access.ExceptionTranslationFilter@776e4088, org.springframework.security.web.access.intercept.AuthorizationFilter@53a1cff1]
2024-02-23 07:48:30,944 INFO o.a.j.l.DirectJDKLog [main] Starting ProtocolHandler ["http-nio-8080"]
2024-02-23 07:48:30,958 INFO o.s.b.w.e.t.TomcatWebServer [main] Tomcat started on port 8080 (http) with context path ''
2024-02-23 07:48:30,965 INFO o.s.b.StartupInfoLogger [main] Started GraphQlApplication in 6.756 seconds (process running for 7.625)
2024-02-23 07:53:40,101 INFO o.a.j.l.DirectJDKLog [http-nio-8080-exec-3] Initializing Spring DispatcherServlet 'dispatcherServlet'
2024-02-23 07:53:40,101 INFO o.s.w.s.FrameworkServlet [http-nio-8080-exec-3] Initializing Servlet 'dispatcherServlet'
2024-02-23 07:53:40,102 INFO o.s.w.s.FrameworkServlet [http-nio-8080-exec-3] Completed initialization in 1 ms
